1 13 0
3 13 7 1 2
3 13 9 5 2
3 13 17 21 2
3 13 19 25 2
5 13 7 8 9 5 4
5 13 7 12 17 21 4
5 13 9 8 7 1 4
5 13 9 14 19 25 4
5 13 17 12 7 1 4
5 13 17 18 19 25 4
5 13 19 14 9 5 4
5 13 19 18 17 21 4
7 13 7 1 2 3 4 5 6
7 13 7 1 6 11 16 21 6
7 13 7 8 9 14 19 25 6
7 13 7 12 17 18 19 25 6
7 13 9 5 4 3 2 1 6
7 13 9 5 10 15 20 25 6
7 13 9 8 7 12 17 21 6
7 13 9 14 19 18 17 21 6
7 13 17 12 7 8 9 5 6
7 13 17 18 19 14 9 5 6
7 13 17 21 16 11 6 1 6
7 13 17 21 22 23 24 25 6
7 13 19 14 9 8 7 1 6
7 13 19 18 17 12 7 1 6
7 13 19 25 20 15 10 5 6
7 13 19 25 24 23 22 21 6
9 13 7 8 9 5 4 3 2 1 8
9 13 7 8 9 5 10 15 20 25 8
9 13 7 8 9 14 19 18 17 21 8
9 13 7 12 17 18 19 14 9 5 8
9 13 7 12 17 21 16 11 6 1 8
9 13 7 12 17 21 22 23 24 25 8
9 13 9 8 7 1 2 3 4 5 8
9 13 9 8 7 1 6 11 16 21 8
9 13 9 8 7 12 17 18 19 25 8
9 13 9 14 19 18 17 12 7 1 8
9 13 9 14 19 25 20 15 10 5 8
9 13 9 14 19 25 24 23 22 21 8
9 13 17 12 7 1 2 3 4 5 8
9 13 17 12 7 1 6 11 16 21 8
9 13 17 12 7 8 9 14 19 25 8
9 13 17 18 19 14 9 8 7 1 8
9 13 17 18 19 25 20 15 10 5 8
9 13 17 18 19 25 24 23 22 21 8
9 13 19 14 9 5 4 3 2 1 8
9 13 19 14 9 5 10 15 20 25 8
9 13 19 14 9 8 7 12 17 21 8
9 13 19 18 17 12 7 8 9 5 8
9 13 19 18 17 21 16 11 6 1 8
9 13 19 18 17 21 22 23 24 25 8
11 13 7 1 2 3 4 5 10 15 20 25 10
11 13 7 1 6 11 16 21 22 23 24 25 10
11 13 7 8 9 14 19 25 20 15 10 5 10
11 13 7 8 9 14 19 25 24 23 22 21 10
11 13 7 12 17 18 19 25 20 15 10 5 10
11 13 7 12 17 18 19 25 24 23 22 21 10
11 13 9 5 4 3 2 1 6 11 16 21 10
11 13 9 5 10 15 20 25 24 23 22 21 10
11 13 9 8 7 12 17 21 16 11 6 1 10
11 13 9 8 7 12 17 21 22 23 24 25 10
11 13 9 14 19 18 17 21 16 11 6 1 10
11 13 9 14 19 18 17 21 22 23 24 25 10
11 13 17 12 7 8 9 5 4 3 2 1 10
11 13 17 12 7 8 9 5 10 15 20 25 10
11 13 17 18 19 14 9 5 4 3 2 1 10
11 13 17 18 19 14 9 5 10 15 20 25 10
11 13 17 21 16 11 6 1 2 3 4 5 10
11 13 17 21 22 23 24 25 20 15 10 5 10
11 13 19 14 9 8 7 1 2 3 4 5 10
11 13 19 14 9 8 7 1 6 11 16 21 10
11 13 19 18 17 12 7 1 2 3 4 5 10
11 13 19 18 17 12 7 1 6 11 16 21 10
11 13 19 25 20 15 10 5 4 3 2 1 10
11 13 19 25 24 23 22 21 16 11 6 1 10
11 13 7 1 2 3 4 5 9 14 19 25 11
11 13 7 1 6 11 16 21 17 18 19 25 11
11 13 9 5 4 3 2 1 7 12 17 21 11
11 13 9 5 10 15 20 25 19 18 17 21 11
11 13 17 21 16 11 6 1 7 8 9 5 11
11 13 17 21 22 23 24 25 19 14 9 5 11
11 13 19 25 20 15 10 5 9 8 7 1 11
11 13 19 25 24 23 22 21 17 12 7 1 11
13 13 7 8 9 5 4 3 2 1 6 11 16 21 12
13 13 7 8 9 5 10 15 20 25 24 23 22 21 12
13 13 7 8 9 14 19 18 17 21 16 11 6 1 12
13 13 7 8 9 14 19 18 17 21 22 23 24 25 12
13 13 7 12 17 18 19 14 9 5 4 3 2 1 12
13 13 7 12 17 18 19 14 9 5 10 15 20 25 12
13 13 7 12 17 21 16 11 6 1 2 3 4 5 12
13 13 7 12 17 21 22 23 24 25 20 15 10 5 12
13 13 9 8 7 1 2 3 4 5 10 15 20 25 12
13 13 9 8 7 1 6 11 16 21 22 23 24 25 12
13 13 9 8 7 12 17 18 19 25 20 15 10 5 12
13 13 9 8 7 12 17 18 19 25 24 23 22 21 12
13 13 9 14 19 18 17 12 7 1 2 3 4 5 12
13 13 9 14 19 18 17 12 7 1 6 11 16 21 12
13 13 9 14 19 25 20 15 10 5 4 3 2 1 12
13 13 9 14 19 25 24 23 22 21 16 11 6 1 12
13 13 17 12 7 1 2 3 4 5 10 15 20 25 12
13 13 17 12 7 1 6 11 16 21 22 23 24 25 12
13 13 17 12 7 8 9 14 19 25 20 15 10 5 12
13 13 17 12 7 8 9 14 19 25 24 23 22 21 12
13 13 17 18 19 14 9 8 7 1 2 3 4 5 12
13 13 17 18 19 14 9 8 7 1 6 11 16 21 12
13 13 17 18 19 25 20 15 10 5 4 3 2 1 12
13 13 17 18 19 25 24 23 22 21 16 11 6 1 12
13 13 19 14 9 5 4 3 2 1 6 11 16 21 12
13 13 19 14 9 5 10 15 20 25 24 23 22 21 12
13 13 19 14 9 8 7 12 17 21 16 11 6 1 12
13 13 19 14 9 8 7 12 17 21 22 23 24 25 12
13 13 19 18 17 12 7 8 9 5 4 3 2 1 12
13 13 19 18 17 12 7 8 9 5 10 15 20 25 12
13 13 19 18 17 21 16 11 6 1 2 3 4 5 12
13 13 19 18 17 21 22 23 24 25 20 15 10 5 12
13 13 7 1 2 3 4 5 9 14 19 18 17 21 13
13 13 7 1 6 11 16 21 17 18 19 14 9 5 13
13 13 7 8 9 5 10 15 20 25 19 18 17 21 13
13 13 7 12 17 21 22 23 24 25 19 14 9 5 13
13 13 9 5 4 3 2 1 7 12 17 18 19 25 13
13 13 9 5 10 15 20 25 19 18 17 12 7 1 13
13 13 9 8 7 1 6 11 16 21 17 18 19 25 13
13 13 9 14 19 25 24 23 22 21 17 12 7 1 13
13 13 17 12 7 1 2 3 4 5 9 14 19 25 13
13 13 17 18 19 25 20 15 10 5 9 8 7 1 13
13 13 17 21 16 11 6 1 7 8 9 14 19 25 13
13 13 17 21 22 23 24 25 19 14 9 8 7 1 13
13 13 19 14 9 5 4 3 2 1 7 12 17 21 13
13 13 19 18 17 21 16 11 6 1 7 8 9 5 13
13 13 19 25 20 15 10 5 9 8 7 12 17 21 13
13 13 19 25 24 23 22 21 17 12 7 8 9 5 13
15 13 7 1 2 3 4 5 10 15 20 25 24 23 22 21 14
15 13 7 1 6 11 16 21 22 23 24 25 20 15 10 5 14
15 13 7 8 9 14 19 25 20 15 10 5 4 3 2 1 14
15 13 7 8 9 14 19 25 24 23 22 21 16 11 6 1 14
15 13 7 12 17 18 19 25 20 15 10 5 4 3 2 1 14
15 13 7 12 17 18 19 25 24 23 22 21 16 11 6 1 14
15 13 9 5 4 3 2 1 6 11 16 21 22 23 24 25 14
15 13 9 5 10 15 20 25 24 23 22 21 16 11 6 1 14
15 13 9 8 7 12 17 21 16 11 6 1 2 3 4 5 14
15 13 9 8 7 12 17 21 22 23 24 25 20 15 10 5 14
15 13 9 14 19 18 17 21 16 11 6 1 2 3 4 5 14
15 13 9 14 19 18 17 21 22 23 24 25 20 15 10 5 14
15 13 17 12 7 8 9 5 4 3 2 1 6 11 16 21 14
15 13 17 12 7 8 9 5 10 15 20 25 24 23 22 21 14
15 13 17 18 19 14 9 5 4 3 2 1 6 11 16 21 14
15 13 17 18 19 14 9 5 10 15 20 25 24 23 22 21 14
15 13 17 21 16 11 6 1 2 3 4 5 10 15 20 25 14
15 13 17 21 22 23 24 25 20 15 10 5 4 3 2 1 14
15 13 19 14 9 8 7 1 2 3 4 5 10 15 20 25 14
15 13 19 14 9 8 7 1 6 11 16 21 22 23 24 25 14
15 13 19 18 17 12 7 1 2 3 4 5 10 15 20 25 14
15 13 19 18 17 12 7 1 6 11 16 21 22 23 24 25 14
15 13 19 25 20 15 10 5 4 3 2 1 6 11 16 21 14
15 13 19 25 24 23 22 21 16 11 6 1 2 3 4 5 14
15 13 7 1 2 3 4 5 9 14 19 25 24 23 22 21 15
15 13 7 1 2 3 4 5 10 15 20 25 19 18 17 21 15
15 13 7 1 6 11 16 21 17 18 19 25 20 15 10 5 15
15 13 7 1 6 11 16 21 22 23 24 25 19 14 9 5 15
15 13 9 5 4 3 2 1 6 11 16 21 17 18 19 25 15
15 13 9 5 4 3 2 1 7 12 17 21 22 23 24 25 15
15 13 9 5 10 15 20 25 19 18 17 21 16 11 6 1 15
15 13 9 5 10 15 20 25 24 23 22 21 17 12 7 1 15
15 13 17 21 16 11 6 1 2 3 4 5 9 14 19 25 15
15 13 17 21 16 11 6 1 7 8 9 5 10 15 20 25 15
15 13 17 21 22 23 24 25 19 14 9 5 4 3 2 1 15
15 13 17 21 22 23 24 25 20 15 10 5 9 8 7 1 15
15 13 19 25 20 15 10 5 4 3 2 1 7 12 17 21 15
15 13 19 25 20 15 10 5 9 8 7 1 6 11 16 21 15
15 13 19 25 24 23 22 21 16 11 6 1 7 8 9 5 15
15 13 19 25 24 23 22 21 17 12 7 1 2 3 4 5 15
17 13 7 8 9 5 4 3 2 1 6 11 16 21 22 23 24 25 16
17 13 7 8 9 5 10 15 20 25 24 23 22 21 16 11 6 1 16
17 13 7 8 9 14 19 18 17 21 16 11 6 1 2 3 4 5 16
17 13 7 8 9 14 19 18 17 21 22 23 24 25 20 15 10 5 16
17 13 7 12 17 18 19 14 9 5 4 3 2 1 6 11 16 21 16
17 13 7 12 17 18 19 14 9 5 10 15 20 25 24 23 22 21 16
17 13 7 12 17 21 16 11 6 1 2 3 4 5 10 15 20 25 16
17 13 7 12 17 21 22 23 24 25 20 15 10 5 4 3 2 1 16
17 13 9 8 7 1 2 3 4 5 10 15 20 25 24 23 22 21 16
17 13 9 8 7 1 6 11 16 21 22 23 24 25 20 15 10 5 16
17 13 9 8 7 12 17 18 19 25 20 15 10 5 4 3 2 1 16
17 13 9 8 7 12 17 18 19 25 24 23 22 21 16 11 6 1 16
17 13 9 14 19 18 17 12 7 1 2 3 4 5 10 15 20 25 16
17 13 9 14 19 18 17 12 7 1 6 11 16 21 22 23 24 25 16
17 13 9 14 19 25 20 15 10 5 4 3 2 1 6 11 16 21 16
17 13 9 14 19 25 24 23 22 21 16 11 6 1 2 3 4 5 16
17 13 17 12 7 1 2 3 4 5 10 15 20 25 24 23 22 21 16
17 13 17 12 7 1 6 11 16 21 22 23 24 25 20 15 10 5 16
17 13 17 12 7 8 9 14 19 25 20 15 10 5 4 3 2 1 16
17 13 17 12 7 8 9 14 19 25 24 23 22 21 16 11 6 1 16
17 13 17 18 19 14 9 8 7 1 2 3 4 5 10 15 20 25 16
17 13 17 18 19 14 9 8 7 1 6 11 16 21 22 23 24 25 16
17 13 17 18 19 25 20 15 10 5 4 3 2 1 6 11 16 21 16
17 13 17 18 19 25 24 23 22 21 16 11 6 1 2 3 4 5 16
17 13 19 14 9 5 4 3 2 1 6 11 16 21 22 23 24 25 16
17 13 19 14 9 5 10 15 20 25 24 23 22 21 16 11 6 1 16
17 13 19 14 9 8 7 12 17 21 16 11 6 1 2 3 4 5 16
17 13 19 14 9 8 7 12 17 21 22 23 24 25 20 15 10 5 16
17 13 19 18 17 12 7 8 9 5 4 3 2 1 6 11 16 21 16
17 13 19 18 17 12 7 8 9 5 10 15 20 25 24 23 22 21 16
17 13 19 18 17 21 16 11 6 1 2 3 4 5 10 15 20 25 16
17 13 19 18 17 21 22 23 24 25 20 15 10 5 4 3 2 1 16
17 13 7 1 2 3 4 5 9 14 19 18 17 21 22 23 24 25 17
17 13 7 1 6 11 16 21 17 18 19 14 9 5 10 15 20 25 17
17 13 7 8 9 5 10 15 20 25 19 18 17 21 16 11 6 1 17
17 13 7 12 17 21 22 23 24 25 19 14 9 5 4 3 2 1 17
17 13 9 5 4 3 2 1 7 12 17 18 19 25 24 23 22 21 17
17 13 9 5 10 15 20 25 19 18 17 12 7 1 6 11 16 21 17
17 13 9 8 7 1 6 11 16 21 17 18 19 25 20 15 10 5 17
17 13 9 14 19 25 24 23 22 21 17 12 7 1 2 3 4 5 17
17 13 17 12 7 1 2 3 4 5 9 14 19 25 24 23 22 21 17
17 13 17 18 19 25 20 15 10 5 9 8 7 1 6 11 16 21 17
17 13 17 21 16 11 6 1 7 8 9 14 19 25 20 15 10 5 17
17 13 17 21 22 23 24 25 19 14 9 8 7 1 2 3 4 5 17
17 13 19 14 9 5 4 3 2 1 7 12 17 21 22 23 24 25 17
17 13 19 18 17 21 16 11 6 1 7 8 9 5 10 15 20 25 17
17 13 19 25 20 15 10 5 9 8 7 12 17 21 16 11 6 1 17
17 13 19 25 24 23 22 21 17 12 7 8 9 5 4 3 2 1 17
17 13 7 8 9 5 4 3 2 1 6 11 16 21 17 18 19 25 17
17 13 7 12 17 21 16 11 6 1 2 3 4 5 9 14 19 25 17
17 13 9 8 7 1 2 3 4 5 10 15 20 25 19 18 17 21 17
17 13 9 14 19 25 20 15 10 5 4 3 2 1 7 12 17 21 17
17 13 17 12 7 1 6 11 16 21 22 23 24 25 19 14 9 5 17
17 13 17 18 19 25 24 23 22 21 16 11 6 1 7 8 9 5 17
17 13 19 14 9 5 10 15 20 25 24 23 22 21 17 12 7 1 17
17 13 19 18 17 21 22 23 24 25 20 15 10 5 9 8 7 1 17
19 13 7 8 9 14 19 25 20 15 10 5 4 3 2 1 6 11 16 21 18
19 13 7 8 9 14 19 25 24 23 22 21 16 11 6 1 2 3 4 5 18
19 13 7 12 17 18 19 25 20 15 10 5 4 3 2 1 6 11 16 21 18
19 13 7 12 17 18 19 25 24 23 22 21 16 11 6 1 2 3 4 5 18
19 13 9 8 7 12 17 21 16 11 6 1 2 3 4 5 10 15 20 25 18
19 13 9 8 7 12 17 21 22 23 24 25 20 15 10 5 4 3 2 1 18
19 13 9 14 19 18 17 21 16 11 6 1 2 3 4 5 10 15 20 25 18
19 13 9 14 19 18 17 21 22 23 24 25 20 15 10 5 4 3 2 1 18
19 13 17 12 7 8 9 5 4 3 2 1 6 11 16 21 22 23 24 25 18
19 13 17 12 7 8 9 5 10 15 20 25 24 23 22 21 16 11 6 1 18
19 13 17 18 19 14 9 5 4 3 2 1 6 11 16 21 22 23 24 25 18
19 13 17 18 19 14 9 5 10 15 20 25 24 23 22 21 16 11 6 1 18
19 13 19 14 9 8 7 1 2 3 4 5 10 15 20 25 24 23 22 21 18
19 13 19 14 9 8 7 1 6 11 16 21 22 23 24 25 20 15 10 5 18
19 13 19 18 17 12 7 1 2 3 4 5 10 15 20 25 24 23 22 21 18
19 13 19 18 17 12 7 1 6 11 16 21 22 23 24 25 20 15 10 5 18
21 13 7 8 9 14 19 18 17 21 16 11 6 1 2 3 4 5 10 15 20 25 20
21 13 7 8 9 14 19 18 17 21 22 23 24 25 20 15 10 5 4 3 2 1 20
21 13 7 12 17 18 19 14 9 5 4 3 2 1 6 11 16 21 22 23 24 25 20
21 13 7 12 17 18 19 14 9 5 10 15 20 25 24 23 22 21 16 11 6 1 20
21 13 9 8 7 12 17 18 19 25 20 15 10 5 4 3 2 1 6 11 16 21 20
21 13 9 8 7 12 17 18 19 25 24 23 22 21 16 11 6 1 2 3 4 5 20
21 13 9 14 19 18 17 12 7 1 2 3 4 5 10 15 20 25 24 23 22 21 20
21 13 9 14 19 18 17 12 7 1 6 11 16 21 22 23 24 25 20 15 10 5 20
21 13 17 12 7 8 9 14 19 25 20 15 10 5 4 3 2 1 6 11 16 21 20
21 13 17 12 7 8 9 14 19 25 24 23 22 21 16 11 6 1 2 3 4 5 20
21 13 17 18 19 14 9 8 7 1 2 3 4 5 10 15 20 25 24 23 22 21 20
21 13 17 18 19 14 9 8 7 1 6 11 16 21 22 23 24 25 20 15 10 5 20
21 13 19 14 9 8 7 12 17 21 16 11 6 1 2 3 4 5 10 15 20 25 20
21 13 19 14 9 8 7 12 17 21 22 23 24 25 20 15 10 5 4 3 2 1 20
21 13 19 18 17 12 7 8 9 5 4 3 2 1 6 11 16 21 22 23 24 25 20
21 13 19 18 17 12 7 8 9 5 10 15 20 25 24 23 22 21 16 11 6 1 20
