1 10 0
3 10 8 7 4
3 10 8 9 4
4 10 8 5 1 6
4 10 8 5 3 6
4 10 8 5 7 6
4 10 8 5 9 6
5 10 8 5 2 1 8
5 10 8 5 2 3 8
5 10 8 5 4 1 8
5 10 8 5 4 7 8
5 10 8 5 6 3 8
5 10 8 5 6 9 8
5 10 8 7 4 1 8
5 10 8 9 6 3 8
5 10 8 7 5 1 9
5 10 8 7 5 3 9
5 10 8 7 5 9 9
5 10 8 9 5 1 9
5 10 8 9 5 3 9
5 10 8 9 5 7 9
6 10 8 5 1 2 3 10
6 10 8 5 1 4 7 10
6 10 8 5 3 2 1 10
6 10 8 5 3 6 9 10
6 10 8 5 7 4 1 10
6 10 8 5 9 6 3 10
6 10 8 7 4 5 1 10
6 10 8 7 4 5 3 10
6 10 8 7 4 5 9 10
6 10 8 7 5 2 1 10
6 10 8 7 5 2 3 10
6 10 8 7 5 4 1 10
6 10 8 7 5 6 3 10
6 10 8 7 5 6 9 10
6 10 8 9 5 2 1 10
6 10 8 9 5 2 3 10
6 10 8 9 5 4 1 10
6 10 8 9 5 4 7 10
6 10 8 9 5 6 3 10
6 10 8 9 6 5 1 10
6 10 8 9 6 5 3 10
6 10 8 9 6 5 7 10
7 10 8 5 2 1 4 7 12
7 10 8 5 2 3 6 9 12
7 10 8 5 4 1 2 3 12
7 10 8 5 6 3 2 1 12
7 10 8 7 4 1 2 3 12
7 10 8 7 4 5 2 1 12
7 10 8 7 4 5 2 3 12
7 10 8 7 4 5 6 3 12
7 10 8 7 4 5 6 9 12
7 10 8 9 6 3 2 1 12
7 10 8 9 6 5 2 1 12
7 10 8 9 6 5 2 3 12
7 10 8 9 6 5 4 1 12
7 10 8 9 6 5 4 7 12
7 10 8 7 4 1 5 3 13
7 10 8 7 4 1 5 9 13
7 10 8 7 5 1 2 3 13
7 10 8 7 5 3 2 1 13
7 10 8 7 5 3 6 9 13
7 10 8 7 5 9 6 3 13
7 10 8 9 5 1 2 3 13
7 10 8 9 5 1 4 7 13
7 10 8 9 5 3 2 1 13
7 10 8 9 5 7 4 1 13
7 10 8 9 6 3 5 1 13
7 10 8 9 6 3 5 7 13
8 10 8 5 1 2 3 6 9 14
8 10 8 5 3 2 1 4 7 14
8 10 8 5 7 4 1 2 3 14
8 10 8 5 9 6 3 2 1 14
8 10 8 7 4 1 2 5 3 14
8 10 8 7 4 1 2 5 9 14
8 10 8 7 4 1 5 2 3 14
8 10 8 7 4 1 5 6 3 14
8 10 8 7 4 1 5 6 9 14
8 10 8 7 4 5 1 2 3 14
8 10 8 7 4 5 3 2 1 14
8 10 8 7 4 5 3 6 9 14
8 10 8 7 4 5 9 6 3 14
8 10 8 7 5 2 3 6 9 14
8 10 8 7 5 4 1 2 3 14
8 10 8 7 5 6 3 2 1 14
8 10 8 9 5 2 1 4 7 14
8 10 8 9 5 4 1 2 3 14
8 10 8 9 5 6 3 2 1 14
8 10 8 9 6 3 2 5 1 14
8 10 8 9 6 3 2 5 7 14
8 10 8 9 6 3 5 2 1 14
8 10 8 9 6 3 5 4 1 14
8 10 8 9 6 3 5 4 7 14
8 10 8 9 6 5 1 2 3 14
8 10 8 9 6 5 1 4 7 14
8 10 8 9 6 5 3 2 1 14
8 10 8 9 6 5 7 4 1 14
9 10 8 5 4 1 2 3 6 9 16
9 10 8 5 6 3 2 1 4 7 16
9 10 8 7 4 1 2 3 6 9 16
9 10 8 7 4 1 2 5 6 3 16
9 10 8 7 4 1 2 5 6 9 16
9 10 8 7 4 5 2 3 6 9 16
9 10 8 7 4 5 6 3 2 1 16
9 10 8 9 6 3 2 1 4 7 16
9 10 8 9 6 3 2 5 4 1 16
9 10 8 9 6 3 2 5 4 7 16
9 10 8 9 6 5 2 1 4 7 16
9 10 8 9 6 5 4 1 2 3 16
9 10 8 7 4 1 2 3 5 9 17
9 10 8 7 4 1 5 3 6 9 17
9 10 8 7 4 1 5 9 6 3 17
9 10 8 7 5 1 2 3 6 9 17
9 10 8 7 5 9 6 3 2 1 17
9 10 8 9 5 3 2 1 4 7 17
9 10 8 9 5 7 4 1 2 3 17
9 10 8 9 6 3 2 1 5 7 17
9 10 8 9 6 3 5 1 4 7 17
9 10 8 9 6 3 5 7 4 1 17
10 10 8 5 7 4 1 2 3 6 9 18
10 10 8 5 9 6 3 2 1 4 7 18
10 10 8 7 4 1 2 3 5 6 9 18
10 10 8 7 4 1 2 3 6 5 9 18
10 10 8 7 4 1 2 5 3 6 9 18
10 10 8 7 4 1 2 5 9 6 3 18
10 10 8 7 4 1 5 2 3 6 9 18
10 10 8 7 4 5 1 2 3 6 9 18
10 10 8 7 4 5 9 6 3 2 1 18
10 10 8 7 5 4 1 2 3 6 9 18
10 10 8 9 5 6 3 2 1 4 7 18
10 10 8 9 6 3 2 1 4 5 7 18
10 10 8 9 6 3 2 1 5 4 7 18
10 10 8 9 6 3 2 5 1 4 7 18
10 10 8 9 6 3 2 5 7 4 1 18
10 10 8 9 6 3 5 2 1 4 7 18
10 10 8 9 6 5 3 2 1 4 7 18
10 10 8 9 6 5 7 4 1 2 3 18
